\BOOKMARK [0][-]{section*.1}{\376\377\006\101\006\107\006\061\006\063\006\052\000\040\006\105\006\067\006\047\006\104\006\050}{}% 1
\BOOKMARK [0][-]{chapter*.6}{\376\377\006\105\006\102\006\057\006\105\006\107}{}% 2
\BOOKMARK [0][-]{chapter.1}{\376\377\006\061\006\047\006\107\006\106\006\105\006\047\006\107\006\047\006\314\000\040\006\106\006\065\006\050}{}% 3
\BOOKMARK [1][-]{section.1.1}{\376\377\006\106\006\065\006\050\000\040\006\052\006\251\040\014\006\104\006\047\006\314\006\110}{chapter.1}% 4
\BOOKMARK [2][-]{subsection.1.1.1}{\376\377\006\106\006\065\006\050\000\040\006\047\006\062\000\040\006\061\006\110\006\314\000\040\006\105\006\106\006\050\006\071}{section.1.1}% 5
\BOOKMARK [2][-]{subsection.1.1.2}{\376\377\006\106\006\065\006\050\000\040\006\105\006\063\006\052\006\102\006\314\006\105\000\040\006\050\006\047\000\040\006\047\006\314\006\106\006\052\006\061\006\106\006\052}{section.1.1}% 6
\BOOKMARK [2][-]{subsection.1.1.3}{\376\377\006\106\006\065\006\050\000\040\006\072\006\314\006\061\006\105\006\063\006\052\006\102\006\314\006\105\000\040\006\050\006\047\000\040\006\047\006\314\006\106\006\052\006\061\006\106\006\052}{section.1.1}% 7
\BOOKMARK [1][-]{section.1.2}{\376\377\006\061\006\047\006\107\040\014\006\047\006\106\006\057\006\047\006\062\006\314\000\040\000x\000i\000n\000d\000y\000\040\006\050\006\061\006\047\006\314\000\040\006\052\006\110\006\104\006\314\006\057\000\040\006\106\006\105\006\047\006\314\006\107}{chapter.1}% 8
\BOOKMARK [0][-]{chapter.2}{\376\377\006\047\006\054\006\061\006\047\006\314\000\040\006\102\006\047\006\104\006\050\000\040\006\110\000\040\006\064\006\061\006\110\006\071\000\040\006\106\006\110\006\064\006\052\006\106\000\040\006\176\006\047\006\314\006\047\006\106\040\014\006\106\006\047\006\105\006\107}{}% 9
\BOOKMARK [1][-]{section.2.1}{\376\377\006\105\006\071\006\061\006\101\006\314}{chapter.2}% 10
\BOOKMARK [0][-]{chapter.3}{\376\377\006\061\006\314\006\047\006\066\006\314\040\014\006\106\006\110\006\314\006\063\006\314\000\040\006\050\006\047\000\040\006\106\006\257\006\047\006\107\006\314\000\040\006\050\006\061\000\040\006\050\006\063\006\052\006\107\000\040\000A\000M\000S}{}% 11
\BOOKMARK [1][-]{section.3.1}{\376\377\006\050\006\063\006\052\006\107\040\014\006\107\006\047}{chapter.3}% 12
\BOOKMARK [1][-]{section.3.2}{\376\377\006\105\006\055\006\314\006\067\040\014\006\107\006\047\006\314\000\040\006\061\006\314\006\047\006\066\006\314}{chapter.3}% 13
\BOOKMARK [2][-]{subsection.3.2.1}{\376\377\006\064\006\251\006\104}{section.3.2}% 14
\BOOKMARK [2][-]{subsection.3.2.2}{\376\377\006\054\006\057\006\110\006\104}{section.3.2}% 15
\BOOKMARK [0][-]{chapter.4}{\376\377\006\050\006\063\006\052\006\107\040\014\006\107\006\047\006\314\000\040\006\251\006\047\006\061\006\050\006\061\006\057\006\314}{}% 16
\BOOKMARK [1][-]{section.4.1}{\376\377\006\057\006\314\006\047\006\257\006\061\006\047\006\105}{chapter.4}% 17
\BOOKMARK [2][-]{subsection.4.1.1}{\376\377\006\050\006\063\006\052\006\107\000\040\000x\000y}{section.4.1}% 18
\BOOKMARK [1][-]{section.4.2}{\376\377\006\061\006\063\006\105\000\040\006\101\006\104\006\110\006\206\006\047\006\061\006\052\000\040\006\050\006\047\000\040\000t\000i\000k\000z}{chapter.4}% 19
\BOOKMARK [1][-]{section.4.3}{\376\377\006\251\006\057\006\107\006\047\006\314\000\040\006\050\006\061\006\106\006\047\006\105\006\107\040\014\006\106\006\110\006\314\006\063\006\314}{chapter.4}% 20
\BOOKMARK [1][-]{section.4.4}{\376\377\006\061\006\063\006\105\000\040\006\106\006\105\006\110\006\057\006\047\006\061}{chapter.4}% 21
\BOOKMARK [2][-]{subsection.4.4.1}{\376\377\006\061\006\063\006\105\000\040\006\106\006\105\006\110\006\057\006\047\006\061\006\107\006\047\006\314\000\040\006\102\006\067\006\050\006\314}{section.4.4}% 22
\BOOKMARK [2][-]{subsection.4.4.2}{\376\377\006\106\006\105\006\110\006\057\006\047\006\061\006\107\006\047\006\314\000\040\006\057\006\251\006\047\006\061\006\052\006\314\000\040\006\050\006\047\000\040\006\047\006\063\006\052\006\101\006\047\006\057\006\107\000\040\006\047\006\062\000\040\006\050\006\063\006\052\006\107\000\040\000t\000i\000k\000z}{section.4.4}% 23
\BOOKMARK [1][-]{section.4.5}{\376\377\006\061\006\063\006\105\000\040\006\257\006\061\006\047\006\101}{chapter.4}% 24
\BOOKMARK [1][-]{section.4.6}{\376\377\006\047\006\104\006\257\006\110\006\061\006\314\006\052\006\105}{chapter.4}% 25
\BOOKMARK [1][-]{section.4.7}{\376\377\006\054\006\057\006\110\006\104}{chapter.4}% 26
\BOOKMARK [2][-]{subsection.4.7.1}{\376\377\006\050\006\063\006\052\006\107\000\040\000a\000r\000r\000a\000y}{section.4.7}% 27
\BOOKMARK [0][-]{chapter.5}{\376\377\006\065\006\101\006\055\006\047\006\052\000\040\006\176\006\047\006\314\006\047\006\106\006\314}{}% 28
\BOOKMARK [1][-]{section.5.1}{\376\377\006\110\006\047\006\230\006\107\040\014\006\106\006\047\006\105\006\107\000\040\006\110\000\040\006\106\006\105\006\047\006\314\006\107}{chapter.5}% 29
\BOOKMARK [1][-]{section.5.2}{\376\377\006\105\006\061\006\047\006\054\006\071}{chapter.5}% 30
\BOOKMARK [0][-]{appendix.Alph1}{\376\377\006\050\006\061\006\106\006\047\006\105\006\107\040\014\006\107\006\047\006\314\000\040\006\251\006\047\006\061\006\050\006\061\006\057\006\314}{}% 31
\BOOKMARK [0][-]{section*.14}{\376\377\006\105\006\061\006\047\006\054\006\071}{}% 32
\BOOKMARK [0][-]{section*.16}{\376\377\006\110\006\047\006\230\006\107\040\014\006\106\006\047\006\105\006\107\000\040\006\101\006\047\006\061\006\063\006\314\000\040\006\050\006\107\000\040\006\047\006\106\006\257\006\104\006\314\006\063\006\314}{}% 33
\BOOKMARK [0][-]{section*.33}{\376\377\006\110\006\047\006\230\006\107\040\014\006\106\006\047\006\105\006\107\000\040\006\047\006\106\006\257\006\104\006\314\006\063\006\314\000\040\006\050\006\107\000\040\006\101\006\047\006\061\006\063\006\314}{}% 34
\BOOKMARK [0][-]{section*.44}{\376\377\006\106\006\105\006\047\006\314\006\107}{}% 35
